# JRE version: Java(TM) SE Runtime Environment (17.0.10+11) (build 17.0.10+11-LTS-240)
# Java VM: Java HotSpot(TM) 64-Bit Server VM (17.0.10+11-LTS-240, mixed mode, sharing, tiered, compressed oops, compressed class ptrs, g1 gc, windows-amd64)
GC Precious Log:
 CPUs: 4 total, 4 available
 Memory: 3975M
 Large Page Support: Disabled
 NUMA Support: Disabled
 Compressed Oops: Enabled (32-bit)
 Heap Region Size: 1M
 Heap Min Capacity: 8M
 Heap Initial Capacity: 64M
 Heap Max Capacity: 994M
 Pre-touch: Disabled
 Parallel Workers: 4
 Concurrent Workers: 1
 Concurrent Refinement Workers: 4
 Periodic GC: Disabled
Heap:
 garbage-first heap   total 112640K, used 88641K [0x00000000c1e00000, 0x0000000100000000)
  region size 1024K, 35 young (35840K), 1 survivors (1024K)
 Metaspace       used 88701K, committed 89408K, reserved 1179648K
  class space    used 11528K, committed 11904K, reserved 1048576K
GC Heap History (20 events):
Event: 119.860 GC heap before
{Heap before GC invocations=38 (full 0):
 garbage-first heap   total 112640K, used 92981K [0x00000000c1e00000, 0x0000000100000000)
  region size 1024K, 38 young (38912K), 1 survivors (1024K)
 Metaspace       used 88579K, committed 89344K, reserved 1179648K
  class space    used 11526K, committed 11904K, reserved 1048576K
}
Event: 119.862 GC heap after
{Heap after GC invocations=39 (full 0):
 garbage-first heap   total 112640K, used 55108K [0x00000000c1e00000, 0x0000000100000000)
  region size 1024K, 1 young (1024K), 1 survivors (1024K)
 Metaspace       used 88579K, committed 89344K, reserved 1179648K
  class space    used 11526K, committed 11904K, reserved 1048576K
}
Event: 124.290 GC heap before
{Heap before GC invocations=40 (full 0):
 garbage-first heap   total 112640K, used 94020K [0x00000000c1e00000, 0x0000000100000000)
  region size 1024K, 39 young (39936K), 1 survivors (1024K)
 Metaspace       used 88612K, committed 89344K, reserved 1179648K
  class space    used 11527K, committed 11904K, reserved 1048576K
}
Event: 124.302 GC heap after
{Heap after GC invocations=41 (full 0):
 garbage-first heap   total 112640K, used 55159K [0x00000000c1e00000, 0x0000000100000000)
  region size 1024K, 1 young (1024K), 1 survivors (1024K)
 Metaspace       used 88612K, committed 89344K, reserved 1179648K
  class space    used 11527K, committed 11904K, reserved 1048576K
}
Event: 124.468 GC heap before
{Heap before GC invocations=41 (full 0):
 garbage-first heap   total 112640K, used 59255K [0x00000000c1e00000, 0x0000000100000000)
  region size 1024K, 5 young (5120K), 1 survivors (1024K)
 Metaspace       used 88612K, committed 89344K, reserved 1179648K
  class space    used 11527K, committed 11904K, reserved 1048576K
}
Event: 124.479 GC heap after
{Heap after GC invocations=42 (full 0):
 garbage-first heap   total 112640K, used 54733K [0x00000000c1e00000, 0x0000000100000000)
  region size 1024K, 1 young (1024K), 1 survivors (1024K)
 Metaspace       used 88612K, committed 89344K, reserved 1179648K
  class space    used 11527K, committed 11904K, reserved 1048576K
}
Event: 128.160 GC heap before
{Heap before GC invocations=42 (full 0):
 garbage-first heap   total 112640K, used 94669K [0x00000000c1e00000, 0x0000000100000000)
  region size 1024K, 40 young (40960K), 1 survivors (1024K)
 Metaspace       used 88661K, committed 89408K, reserved 1179648K
  class space    used 11528K, committed 11904K, reserved 1048576K
}
Event: 128.169 GC heap after
{Heap after GC invocations=43 (full 0):
 garbage-first heap   total 112640K, used 54740K [0x00000000c1e00000, 0x0000000100000000)
  region size 1024K, 1 young (1024K), 1 survivors (1024K)
 Metaspace       used 88661K, committed 89408K, reserved 1179648K
  class space    used 11528K, committed 11904K, reserved 1048576K
}
Event: 132.604 GC heap before
{Heap before GC invocations=43 (full 0):
 garbage-first heap   total 112640K, used 95700K [0x00000000c1e00000, 0x0000000100000000)
  region size 1024K, 41 young (41984K), 1 survivors (1024K)
 Metaspace       used 88667K, committed 89408K, reserved 1179648K
  class space    used 11528K, committed 11904K, reserved 1048576K
}
Event: 132.610 GC heap after
{Heap after GC invocations=44 (full 0):
 garbage-first heap   total 112640K, used 54742K [0x00000000c1e00000, 0x0000000100000000)
  region size 1024K, 1 young (1024K), 1 survivors (1024K)
 Metaspace       used 88667K, committed 89408K, reserved 1179648K
  class space    used 11528K, committed 11904K, reserved 1048576K
}
Event: 139.263 GC heap before
{Heap before GC invocations=44 (full 0):
 garbage-first heap   total 112640K, used 96726K [0x00000000c1e00000, 0x0000000100000000)
  region size 1024K, 42 young (43008K), 1 survivors (1024K)
 Metaspace       used 88669K, committed 89408K, reserved 1179648K
  class space    used 11528K, committed 11904K, reserved 1048576K
}
Event: 139.268 GC heap after
{Heap after GC invocations=45 (full 0):
 garbage-first heap   total 112640K, used 54777K [0x00000000c1e00000, 0x0000000100000000)
  region size 1024K, 1 young (1024K), 1 survivors (1024K)
 Metaspace       used 88669K, committed 89408K, reserved 1179648K
  class space    used 11528K, committed 11904K, reserved 1048576K
}
Event: 147.922 GC heap before
{Heap before GC invocations=45 (full 0):
 garbage-first heap   total 112640K, used 96761K [0x00000000c1e00000, 0x0000000100000000)
  region size 1024K, 42 young (43008K), 1 survivors (1024K)
 Metaspace       used 88691K, committed 89408K, reserved 1179648K
  class space    used 11528K, committed 11904K, reserved 1048576K
}
Event: 147.927 GC heap after
{Heap after GC invocations=46 (full 0):
 garbage-first heap   total 112640K, used 54771K [0x00000000c1e00000, 0x0000000100000000)
  region size 1024K, 1 young (1024K), 1 survivors (1024K)
 Metaspace       used 88691K, committed 89408K, reserved 1179648K
  class space    used 11528K, committed 11904K, reserved 1048576K
}
Event: 158.982 GC heap before
{Heap before GC invocations=46 (full 0):
 garbage-first heap   total 112640K, used 97779K [0x00000000c1e00000, 0x0000000100000000)
  region size 1024K, 43 young (44032K), 1 survivors (1024K)
 Metaspace       used 88695K, committed 89408K, reserved 1179648K
  class space    used 11528K, committed 11904K, reserved 1048576K
}
Event: 158.993 GC heap after
{Heap after GC invocations=47 (full 0):
 garbage-first heap   total 112640K, used 54747K [0x00000000c1e00000, 0x0000000100000000)
  region size 1024K, 1 young (1024K), 1 survivors (1024K)
 Metaspace       used 88695K, committed 89408K, reserved 1179648K
  class space    used 11528K, committed 11904K, reserved 1048576K
}
Event: 162.176 GC heap before
{Heap before GC invocations=47 (full 0):
 garbage-first heap   total 112640K, used 97755K [0x00000000c1e00000, 0x0000000100000000)
  region size 1024K, 43 young (44032K), 1 survivors (1024K)
 Metaspace       used 88701K, committed 89408K, reserved 1179648K
  class space    used 11528K, committed 11904K, reserved 1048576K
}
Event: 162.327 GC heap after
{Heap after GC invocations=48 (full 0):
 garbage-first heap   total 112640K, used 54837K [0x00000000c1e00000, 0x0000000100000000)
  region size 1024K, 1 young (1024K), 1 survivors (1024K)
 Metaspace       used 88701K, committed 89408K, reserved 1179648K
  class space    used 11528K, committed 11904K, reserved 1048576K
}
Event: 164.889 GC heap before
{Heap before GC invocations=48 (full 0):
 garbage-first heap   total 112640K, used 97845K [0x00000000c1e00000, 0x0000000100000000)
  region size 1024K, 43 young (44032K), 1 survivors (1024K)
 Metaspace       used 88701K, committed 89408K, reserved 1179648K
  class space    used 11528K, committed 11904K, reserved 1048576K
}
Event: 164.903 GC heap after
{Heap after GC invocations=49 (full 0):
 garbage-first heap   total 112640K, used 54849K [0x00000000c1e00000, 0x0000000100000000)
  region size 1024K, 1 young (1024K), 1 survivors (1024K)
 Metaspace       used 88701K, committed 89408K, reserved 1179648K
  class space    used 11528K, committed 11904K, reserved 1048576K
}

