# JRE version: Java(TM) SE Runtime Environment (17.0.10+11) (build 17.0.10+11-LTS-240)
# Java VM: Java HotSpot(TM) 64-Bit Server VM (17.0.10+11-LTS-240, mixed mode, sharing, tiered, compressed oops, compressed class ptrs, g1 gc, windows-amd64)
GC Precious Log:
 CPUs: 4 total, 4 available
 Memory: 3975M
 Large Page Support: Disabled
 NUMA Support: Disabled
 Compressed Oops: Enabled (32-bit)
 Heap Region Size: 1M
 Heap Min Capacity: 8M
 Heap Initial Capacity: 64M
 Heap Max Capacity: 994M
 Pre-touch: Disabled
 Parallel Workers: 4
 Concurrent Workers: 1
 Concurrent Refinement Workers: 4
 Periodic GC: Disabled
Heap:
 garbage-first heap   total 157696K, used 134248K [0x00000000c1e00000, 0x0000000100000000)
  region size 1024K, 79 young (80896K), 1 survivors (1024K)
 Metaspace       used 88698K, committed 89408K, reserved 1179648K
  class space    used 11539K, committed 11904K, reserved 1048576K
GC Heap History (20 events):
Event: 154.977 GC heap before
{Heap before GC invocations=30 (full 0):
 garbage-first heap   total 157696K, used 130517K [0x00000000c1e00000, 0x0000000100000000)
  region size 1024K, 77 young (78848K), 4 survivors (4096K)
 Metaspace       used 88621K, committed 89344K, reserved 1179648K
  class space    used 11538K, committed 11904K, reserved 1048576K
}
Event: 155.002 GC heap after
{Heap after GC invocations=31 (full 0):
 garbage-first heap   total 157696K, used 55604K [0x00000000c1e00000, 0x0000000100000000)
  region size 1024K, 4 young (4096K), 4 survivors (4096K)
 Metaspace       used 88621K, committed 89344K, reserved 1179648K
  class space    used 11538K, committed 11904K, reserved 1048576K
}
Event: 170.252 GC heap before
{Heap before GC invocations=31 (full 0):
 garbage-first heap   total 157696K, used 132404K [0x00000000c1e00000, 0x0000000100000000)
  region size 1024K, 79 young (80896K), 4 survivors (4096K)
 Metaspace       used 88643K, committed 89344K, reserved 1179648K
  class space    used 11538K, committed 11904K, reserved 1048576K
}
Event: 170.393 GC heap after
{Heap after GC invocations=32 (full 0):
 garbage-first heap   total 157696K, used 55441K [0x00000000c1e00000, 0x0000000100000000)
  region size 1024K, 4 young (4096K), 4 survivors (4096K)
 Metaspace       used 88643K, committed 89344K, reserved 1179648K
  class space    used 11538K, committed 11904K, reserved 1048576K
}
Event: 188.598 GC heap before
{Heap before GC invocations=32 (full 0):
 garbage-first heap   total 157696K, used 133265K [0x00000000c1e00000, 0x0000000100000000)
  region size 1024K, 80 young (81920K), 4 survivors (4096K)
 Metaspace       used 88650K, committed 89344K, reserved 1179648K
  class space    used 11538K, committed 11904K, reserved 1048576K
}
Event: 188.812 GC heap after
{Heap after GC invocations=33 (full 0):
 garbage-first heap   total 157696K, used 55765K [0x00000000c1e00000, 0x0000000100000000)
  region size 1024K, 4 young (4096K), 4 survivors (4096K)
 Metaspace       used 88650K, committed 89344K, reserved 1179648K
  class space    used 11538K, committed 11904K, reserved 1048576K
}
Event: 201.674 GC heap before
{Heap before GC invocations=33 (full 0):
 garbage-first heap   total 157696K, used 135637K [0x00000000c1e00000, 0x0000000100000000)
  region size 1024K, 82 young (83968K), 4 survivors (4096K)
 Metaspace       used 88665K, committed 89344K, reserved 1179648K
  class space    used 11539K, committed 11904K, reserved 1048576K
}
Event: 202.047 GC heap after
{Heap after GC invocations=34 (full 0):
 garbage-first heap   total 157696K, used 55441K [0x00000000c1e00000, 0x0000000100000000)
  region size 1024K, 4 young (4096K), 4 survivors (4096K)
 Metaspace       used 88665K, committed 89344K, reserved 1179648K
  class space    used 11539K, committed 11904K, reserved 1048576K
}
Event: 208.328 GC heap before
{Heap before GC invocations=34 (full 0):
 garbage-first heap   total 157696K, used 136337K [0x00000000c1e00000, 0x0000000100000000)
  region size 1024K, 83 young (84992K), 4 survivors (4096K)
 Metaspace       used 88669K, committed 89344K, reserved 1179648K
  class space    used 11539K, committed 11904K, reserved 1048576K
}
Event: 208.382 GC heap after
{Heap after GC invocations=35 (full 0):
 garbage-first heap   total 157696K, used 55765K [0x00000000c1e00000, 0x0000000100000000)
  region size 1024K, 4 young (4096K), 4 survivors (4096K)
 Metaspace       used 88669K, committed 89344K, reserved 1179648K
  class space    used 11539K, committed 11904K, reserved 1048576K
}
Event: 216.745 GC heap before
{Heap before GC invocations=35 (full 0):
 garbage-first heap   total 157696K, used 136661K [0x00000000c1e00000, 0x0000000100000000)
  region size 1024K, 83 young (84992K), 4 survivors (4096K)
 Metaspace       used 88682K, committed 89408K, reserved 1179648K
  class space    used 11539K, committed 11904K, reserved 1048576K
}
Event: 216.752 GC heap after
{Heap after GC invocations=36 (full 0):
 garbage-first heap   total 157696K, used 55623K [0x00000000c1e00000, 0x0000000100000000)
  region size 1024K, 4 young (4096K), 4 survivors (4096K)
 Metaspace       used 88682K, committed 89408K, reserved 1179648K
  class space    used 11539K, committed 11904K, reserved 1048576K
}
Event: 224.669 GC heap before
{Heap before GC invocations=36 (full 0):
 garbage-first heap   total 157696K, used 136519K [0x00000000c1e00000, 0x0000000100000000)
  region size 1024K, 83 young (84992K), 4 survivors (4096K)
 Metaspace       used 88682K, committed 89408K, reserved 1179648K
  class space    used 11539K, committed 11904K, reserved 1048576K
}
Event: 225.029 GC heap after
{Heap after GC invocations=37 (full 0):
 garbage-first heap   total 157696K, used 55601K [0x00000000c1e00000, 0x0000000100000000)
  region size 1024K, 4 young (4096K), 4 survivors (4096K)
 Metaspace       used 88682K, committed 89408K, reserved 1179648K
  class space    used 11539K, committed 11904K, reserved 1048576K
}
Event: 294.005 GC heap before
{Heap before GC invocations=37 (full 0):
 garbage-first heap   total 157696K, used 136497K [0x00000000c1e00000, 0x0000000100000000)
  region size 1024K, 83 young (84992K), 4 survivors (4096K)
 Metaspace       used 88693K, committed 89408K, reserved 1179648K
  class space    used 11539K, committed 11904K, reserved 1048576K
}
Event: 294.971 GC heap after
{Heap after GC invocations=38 (full 0):
 garbage-first heap   total 157696K, used 55432K [0x00000000c1e00000, 0x0000000100000000)
  region size 1024K, 4 young (4096K), 4 survivors (4096K)
 Metaspace       used 88693K, committed 89408K, reserved 1179648K
  class space    used 11539K, committed 11904K, reserved 1048576K
}
Event: 295.256 GC heap before
{Heap before GC invocations=38 (full 0):
 garbage-first heap   total 157696K, used 58504K [0x00000000c1e00000, 0x0000000100000000)
  region size 1024K, 7 young (7168K), 4 survivors (4096K)
 Metaspace       used 88693K, committed 89408K, reserved 1179648K
  class space    used 11539K, committed 11904K, reserved 1048576K
}
Event: 295.328 GC heap after
{Heap after GC invocations=39 (full 0):
 garbage-first heap   total 157696K, used 55840K [0x00000000c1e00000, 0x0000000100000000)
  region size 1024K, 1 young (1024K), 1 survivors (1024K)
 Metaspace       used 88693K, committed 89408K, reserved 1179648K
  class space    used 11539K, committed 11904K, reserved 1048576K
}
Event: 304.684 GC heap before
{Heap before GC invocations=39 (full 0):
 garbage-first heap   total 157696K, used 137760K [0x00000000c1e00000, 0x0000000100000000)
  region size 1024K, 81 young (82944K), 1 survivors (1024K)
 Metaspace       used 88695K, committed 89408K, reserved 1179648K
  class space    used 11539K, committed 11904K, reserved 1048576K
}
Event: 304.712 GC heap after
{Heap after GC invocations=40 (full 0):
 garbage-first heap   total 157696K, used 55400K [0x00000000c1e00000, 0x0000000100000000)
  region size 1024K, 1 young (1024K), 1 survivors (1024K)
 Metaspace       used 88695K, committed 89408K, reserved 1179648K
  class space    used 11539K, committed 11904K, reserved 1048576K
}

