# JRE version: Java(TM) SE Runtime Environment (17.0.10+11) (build 17.0.10+11-LTS-240)
# Java VM: Java HotSpot(TM) 64-Bit Server VM (17.0.10+11-LTS-240, mixed mode, sharing, tiered, compressed oops, compressed class ptrs, g1 gc, windows-amd64)
GC Precious Log:
 CPUs: 4 total, 4 available
 Memory: 4001M
 Large Page Support: Disabled
 NUMA Support: Disabled
 Compressed Oops: Enabled (32-bit)
 Heap Region Size: 1M
 Heap Min Capacity: 8M
 Heap Initial Capacity: 64M
 Heap Max Capacity: 1002M
 Pre-touch: Disabled
 Parallel Workers: 4
 Concurrent Workers: 1
 Concurrent Refinement Workers: 4
 Periodic GC: Disabled
Heap:
 garbage-first heap   total 131072K, used 58578K [0x00000000c1600000, 0x0000000100000000)
  region size 1024K, 7 young (7168K), 2 survivors (2048K)
 Metaspace       used 86317K, committed 87104K, reserved 1179648K
  class space    used 11123K, committed 11520K, reserved 1048576K
GC Heap History (20 events):
Event: 24.828 GC heap before
{Heap before GC invocations=20 (full 0):
 garbage-first heap   total 96256K, used 76530K [0x00000000c1600000, 0x0000000100000000)
  region size 1024K, 38 young (38912K), 4 survivors (4096K)
 Metaspace       used 69223K, committed 69824K, reserved 1114112K
  class space    used 9138K, committed 9408K, reserved 1048576K
}
Event: 24.838 GC heap after
{Heap after GC invocations=21 (full 0):
 garbage-first heap   total 96256K, used 45591K [0x00000000c1600000, 0x0000000100000000)
  region size 1024K, 4 young (4096K), 4 survivors (4096K)
 Metaspace       used 69223K, committed 69824K, reserved 1114112K
  class space    used 9138K, committed 9408K, reserved 1048576K
}
Event: 26.033 GC heap before
{Heap before GC invocations=21 (full 0):
 garbage-first heap   total 96256K, used 77335K [0x00000000c1600000, 0x0000000100000000)
  region size 1024K, 35 young (35840K), 4 survivors (4096K)
 Metaspace       used 72352K, committed 72960K, reserved 1114112K
  class space    used 9572K, committed 9920K, reserved 1048576K
}
Event: 26.048 GC heap after
{Heap after GC invocations=22 (full 0):
 garbage-first heap   total 96256K, used 48312K [0x00000000c1600000, 0x0000000100000000)
  region size 1024K, 3 young (3072K), 3 survivors (3072K)
 Metaspace       used 72352K, committed 72960K, reserved 1114112K
  class space    used 9572K, committed 9920K, reserved 1048576K
}
Event: 111.818 GC heap before
{Heap before GC invocations=22 (full 0):
 garbage-first heap   total 96256K, used 78008K [0x00000000c1600000, 0x0000000100000000)
  region size 1024K, 32 young (32768K), 3 survivors (3072K)
 Metaspace       used 75701K, committed 76288K, reserved 1179648K
  class space    used 10011K, committed 10304K, reserved 1048576K
}
Event: 111.962 GC heap after
{Heap after GC invocations=23 (full 0):
 garbage-first heap   total 96256K, used 51749K [0x00000000c1600000, 0x0000000100000000)
  region size 1024K, 4 young (4096K), 4 survivors (4096K)
 Metaspace       used 75701K, committed 76288K, reserved 1179648K
  class space    used 10011K, committed 10304K, reserved 1048576K
}
Event: 115.278 GC heap before
{Heap before GC invocations=24 (full 0):
 garbage-first heap   total 96256K, used 76325K [0x00000000c1600000, 0x0000000100000000)
  region size 1024K, 29 young (29696K), 4 survivors (4096K)
 Metaspace       used 81492K, committed 82112K, reserved 1179648K
  class space    used 10933K, committed 11264K, reserved 1048576K
}
Event: 115.310 GC heap after
{Heap after GC invocations=25 (full 0):
 garbage-first heap   total 96256K, used 53617K [0x00000000c1600000, 0x0000000100000000)
  region size 1024K, 2 young (2048K), 2 survivors (2048K)
 Metaspace       used 81492K, committed 82112K, reserved 1179648K
  class space    used 10933K, committed 11264K, reserved 1048576K
}
Event: 115.489 GC heap before
{Heap before GC invocations=25 (full 0):
 garbage-first heap   total 96256K, used 55665K [0x00000000c1600000, 0x0000000100000000)
  region size 1024K, 4 young (4096K), 2 survivors (2048K)
 Metaspace       used 81750K, committed 82432K, reserved 1179648K
  class space    used 10964K, committed 11328K, reserved 1048576K
}
Event: 115.513 GC heap after
{Heap after GC invocations=26 (full 0):
 garbage-first heap   total 96256K, used 53021K [0x00000000c1600000, 0x0000000100000000)
  region size 1024K, 1 young (1024K), 1 survivors (1024K)
 Metaspace       used 81750K, committed 82432K, reserved 1179648K
  class space    used 10964K, committed 11328K, reserved 1048576K
}
Event: 326.775 GC heap before
{Heap before GC invocations=26 (full 0):
 garbage-first heap   total 96256K, used 77597K [0x00000000c1600000, 0x0000000100000000)
  region size 1024K, 25 young (25600K), 1 survivors (1024K)
 Metaspace       used 83310K, committed 84032K, reserved 1179648K
  class space    used 11055K, committed 11392K, reserved 1048576K
}
Event: 326.840 GC heap after
{Heap after GC invocations=27 (full 0):
 garbage-first heap   total 131072K, used 53251K [0x00000000c1600000, 0x0000000100000000)
  region size 1024K, 1 young (1024K), 1 survivors (1024K)
 Metaspace       used 83310K, committed 84032K, reserved 1179648K
  class space    used 11055K, committed 11392K, reserved 1048576K
}
Event: 1373.259 GC heap before
{Heap before GC invocations=28 (full 0):
 garbage-first heap   total 131072K, used 104451K [0x00000000c1600000, 0x0000000100000000)
  region size 1024K, 51 young (52224K), 1 survivors (1024K)
 Metaspace       used 84381K, committed 85120K, reserved 1179648K
  class space    used 11080K, committed 11456K, reserved 1048576K
}
Event: 1373.297 GC heap after
{Heap after GC invocations=29 (full 0):
 garbage-first heap   total 131072K, used 54016K [0x00000000c1600000, 0x0000000100000000)
  region size 1024K, 2 young (2048K), 2 survivors (2048K)
 Metaspace       used 84381K, committed 85120K, reserved 1179648K
  class space    used 11080K, committed 11456K, reserved 1048576K
}
Event: 1373.476 GC heap before
{Heap before GC invocations=29 (full 0):
 garbage-first heap   total 131072K, used 57088K [0x00000000c1600000, 0x0000000100000000)
  region size 1024K, 6 young (6144K), 2 survivors (2048K)
 Metaspace       used 84486K, committed 85248K, reserved 1179648K
  class space    used 11080K, committed 11456K, reserved 1048576K
}
Event: 1373.524 GC heap after
{Heap after GC invocations=30 (full 0):
 garbage-first heap   total 131072K, used 52938K [0x00000000c1600000, 0x0000000100000000)
  region size 1024K, 1 young (1024K), 1 survivors (1024K)
 Metaspace       used 84486K, committed 85248K, reserved 1179648K
  class space    used 11080K, committed 11456K, reserved 1048576K
}
Event: 1695.452 GC heap before
{Heap before GC invocations=30 (full 0):
 garbage-first heap   total 131072K, used 105162K [0x00000000c1600000, 0x0000000100000000)
  region size 1024K, 52 young (53248K), 1 survivors (1024K)
 Metaspace       used 85823K, committed 86592K, reserved 1179648K
  class space    used 11121K, committed 11520K, reserved 1048576K
}
Event: 1695.550 GC heap after
{Heap after GC invocations=31 (full 0):
 garbage-first heap   total 131072K, used 53461K [0x00000000c1600000, 0x0000000100000000)
  region size 1024K, 1 young (1024K), 1 survivors (1024K)
 Metaspace       used 85823K, committed 86592K, reserved 1179648K
  class space    used 11121K, committed 11520K, reserved 1048576K
}
Event: 4552.605 GC heap before
{Heap before GC invocations=31 (full 0):
 garbage-first heap   total 131072K, used 107733K [0x00000000c1600000, 0x0000000100000000)
  region size 1024K, 55 young (56320K), 1 survivors (1024K)
 Metaspace       used 86293K, committed 87040K, reserved 1179648K
  class space    used 11123K, committed 11520K, reserved 1048576K
}
Event: 4552.725 GC heap after
{Heap after GC invocations=32 (full 0):
 garbage-first heap   total 131072K, used 54482K [0x00000000c1600000, 0x0000000100000000)
  region size 1024K, 2 young (2048K), 2 survivors (2048K)
 Metaspace       used 86293K, committed 87040K, reserved 1179648K
  class space    used 11123K, committed 11520K, reserved 1048576K
}

