# JRE version: Java(TM) SE Runtime Environment (17.0.10+11) (build 17.0.10+11-LTS-240)
# Java VM: Java HotSpot(TM) 64-Bit Server VM (17.0.10+11-LTS-240, mixed mode, sharing, tiered, compressed oops, compressed class ptrs, g1 gc, windows-amd64)
GC Precious Log:
 CPUs: 4 total, 4 available
 Memory: 3975M
 Large Page Support: Disabled
 NUMA Support: Disabled
 Compressed Oops: Enabled (32-bit)
 Heap Region Size: 1M
 Heap Min Capacity: 8M
 Heap Initial Capacity: 64M
 Heap Max Capacity: 994M
 Pre-touch: Disabled
 Parallel Workers: 4
 Concurrent Workers: 1
 Concurrent Refinement Workers: 4
 Periodic GC: Disabled
Heap:
 garbage-first heap   total 204800K, used 67089K [0x00000000c1e00000, 0x0000000100000000)
  region size 1024K, 15 young (15360K), 1 survivors (1024K)
 Metaspace       used 88960K, committed 89664K, reserved 1179648K
  class space    used 11488K, committed 11840K, reserved 1048576K
GC Heap History (20 events):
Event: 242.553 GC heap before
{Heap before GC invocations=38 (full 0):
 garbage-first heap   total 115712K, used 98483K [0x00000000c1e00000, 0x0000000100000000)
  region size 1024K, 44 young (45056K), 1 survivors (1024K)
 Metaspace       used 88516K, committed 89216K, reserved 1179648K
  class space    used 11485K, committed 11840K, reserved 1048576K
}
Event: 242.557 GC heap after
{Heap after GC invocations=39 (full 0):
 garbage-first heap   total 115712K, used 54475K [0x00000000c1e00000, 0x0000000100000000)
  region size 1024K, 1 young (1024K), 1 survivors (1024K)
 Metaspace       used 88516K, committed 89216K, reserved 1179648K
  class space    used 11485K, committed 11840K, reserved 1048576K
}
Event: 242.809 GC heap before
{Heap before GC invocations=39 (full 0):
 garbage-first heap   total 115712K, used 58571K [0x00000000c1e00000, 0x0000000100000000)
  region size 1024K, 5 young (5120K), 1 survivors (1024K)
 Metaspace       used 88519K, committed 89280K, reserved 1179648K
  class space    used 11485K, committed 11840K, reserved 1048576K
}
Event: 242.840 GC heap after
{Heap after GC invocations=40 (full 0):
 garbage-first heap   total 115712K, used 54023K [0x00000000c1e00000, 0x0000000100000000)
  region size 1024K, 1 young (1024K), 1 survivors (1024K)
 Metaspace       used 88519K, committed 89280K, reserved 1179648K
  class space    used 11485K, committed 11840K, reserved 1048576K
}
Event: 259.463 GC heap before
{Heap before GC invocations=40 (full 0):
 garbage-first heap   total 115712K, used 99079K [0x00000000c1e00000, 0x0000000100000000)
  region size 1024K, 45 young (46080K), 1 survivors (1024K)
 Metaspace       used 88604K, committed 89344K, reserved 1179648K
  class space    used 11485K, committed 11840K, reserved 1048576K
}
Event: 259.575 GC heap after
{Heap after GC invocations=41 (full 0):
 garbage-first heap   total 231424K, used 54038K [0x00000000c1e00000, 0x0000000100000000)
  region size 1024K, 1 young (1024K), 1 survivors (1024K)
 Metaspace       used 88604K, committed 89344K, reserved 1179648K
  class space    used 11485K, committed 11840K, reserved 1048576K
}
Event: 289.522 GC heap before
{Heap before GC invocations=42 (full 0):
 garbage-first heap   total 204800K, used 191254K [0x00000000c1e00000, 0x0000000100000000)
  region size 1024K, 135 young (138240K), 1 survivors (1024K)
 Metaspace       used 88711K, committed 89472K, reserved 1179648K
  class space    used 11486K, committed 11840K, reserved 1048576K
}
Event: 289.748 GC heap after
{Heap after GC invocations=43 (full 0):
 garbage-first heap   total 204800K, used 54026K [0x00000000c1e00000, 0x0000000100000000)
  region size 1024K, 1 young (1024K), 1 survivors (1024K)
 Metaspace       used 88711K, committed 89472K, reserved 1179648K
  class space    used 11486K, committed 11840K, reserved 1048576K
}
Event: 298.469 GC heap before
{Heap before GC invocations=43 (full 0):
 garbage-first heap   total 204800K, used 63242K [0x00000000c1e00000, 0x0000000100000000)
  region size 1024K, 10 young (10240K), 1 survivors (1024K)
 Metaspace       used 88716K, committed 89472K, reserved 1179648K
  class space    used 11486K, committed 11840K, reserved 1048576K
}
Event: 298.498 GC heap after
{Heap after GC invocations=44 (full 0):
 garbage-first heap   total 204800K, used 54055K [0x00000000c1e00000, 0x0000000100000000)
  region size 1024K, 1 young (1024K), 1 survivors (1024K)
 Metaspace       used 88716K, committed 89472K, reserved 1179648K
  class space    used 11486K, committed 11840K, reserved 1048576K
}
Event: 312.575 GC heap before
{Heap before GC invocations=44 (full 0):
 garbage-first heap   total 204800K, used 175911K [0x00000000c1e00000, 0x0000000100000000)
  region size 1024K, 120 young (122880K), 1 survivors (1024K)
 Metaspace       used 88898K, committed 89600K, reserved 1179648K
  class space    used 11487K, committed 11840K, reserved 1048576K
}
Event: 312.668 GC heap after
{Heap after GC invocations=45 (full 0):
 garbage-first heap   total 204800K, used 54103K [0x00000000c1e00000, 0x0000000100000000)
  region size 1024K, 1 young (1024K), 1 survivors (1024K)
 Metaspace       used 88898K, committed 89600K, reserved 1179648K
  class space    used 11487K, committed 11840K, reserved 1048576K
}
Event: 342.391 GC heap before
{Heap before GC invocations=45 (full 0):
 garbage-first heap   total 204800K, used 174935K [0x00000000c1e00000, 0x0000000100000000)
  region size 1024K, 120 young (122880K), 1 survivors (1024K)
 Metaspace       used 88922K, committed 89600K, reserved 1179648K
  class space    used 11487K, committed 11840K, reserved 1048576K
}
Event: 342.788 GC heap after
{Heap after GC invocations=46 (full 0):
 garbage-first heap   total 204800K, used 54081K [0x00000000c1e00000, 0x0000000100000000)
  region size 1024K, 1 young (1024K), 1 survivors (1024K)
 Metaspace       used 88922K, committed 89600K, reserved 1179648K
  class space    used 11487K, committed 11840K, reserved 1048576K
}
Event: 449.674 GC heap before
{Heap before GC invocations=46 (full 0):
 garbage-first heap   total 204800K, used 174913K [0x00000000c1e00000, 0x0000000100000000)
  region size 1024K, 120 young (122880K), 1 survivors (1024K)
 Metaspace       used 88946K, committed 89600K, reserved 1179648K
  class space    used 11487K, committed 11840K, reserved 1048576K
}
Event: 449.904 GC heap after
{Heap after GC invocations=47 (full 0):
 garbage-first heap   total 204800K, used 54082K [0x00000000c1e00000, 0x0000000100000000)
  region size 1024K, 1 young (1024K), 1 survivors (1024K)
 Metaspace       used 88946K, committed 89600K, reserved 1179648K
  class space    used 11487K, committed 11840K, reserved 1048576K
}
Event: 492.551 GC heap before
{Heap before GC invocations=48 (full 0):
 garbage-first heap   total 204800K, used 175938K [0x00000000c1e00000, 0x0000000100000000)
  region size 1024K, 120 young (122880K), 1 survivors (1024K)
 Metaspace       used 88958K, committed 89664K, reserved 1179648K
  class space    used 11487K, committed 11840K, reserved 1048576K
}
Event: 492.999 GC heap after
{Heap after GC invocations=49 (full 0):
 garbage-first heap   total 204800K, used 54125K [0x00000000c1e00000, 0x0000000100000000)
  region size 1024K, 1 young (1024K), 1 survivors (1024K)
 Metaspace       used 88958K, committed 89664K, reserved 1179648K
  class space    used 11487K, committed 11840K, reserved 1048576K
}
Event: 493.466 GC heap before
{Heap before GC invocations=49 (full 0):
 garbage-first heap   total 204800K, used 63341K [0x00000000c1e00000, 0x0000000100000000)
  region size 1024K, 10 young (10240K), 1 survivors (1024K)
 Metaspace       used 88958K, committed 89664K, reserved 1179648K
  class space    used 11487K, committed 11840K, reserved 1048576K
}
Event: 493.610 GC heap after
{Heap after GC invocations=50 (full 0):
 garbage-first heap   total 204800K, used 53777K [0x00000000c1e00000, 0x0000000100000000)
  region size 1024K, 1 young (1024K), 1 survivors (1024K)
 Metaspace       used 88958K, committed 89664K, reserved 1179648K
  class space    used 11487K, committed 11840K, reserved 1048576K
}

