# JRE version: Java(TM) SE Runtime Environment (17.0.10+11) (build 17.0.10+11-LTS-240)
# Java VM: Java HotSpot(TM) 64-Bit Server VM (17.0.10+11-LTS-240, mixed mode, sharing, tiered, compressed oops, compressed class ptrs, g1 gc, windows-amd64)
GC Precious Log:
 CPUs: 4 total, 4 available
 Memory: 3975M
 Large Page Support: Disabled
 NUMA Support: Disabled
 Compressed Oops: Enabled (32-bit)
 Heap Region Size: 1M
 Heap Min Capacity: 8M
 Heap Initial Capacity: 64M
 Heap Max Capacity: 994M
 Pre-touch: Disabled
 Parallel Workers: 4
 Concurrent Workers: 1
 Concurrent Refinement Workers: 4
 Periodic GC: Disabled
Heap:
 garbage-first heap   total 148480K, used 82973K [0x00000000c1e00000, 0x0000000100000000)
  region size 1024K, 30 young (30720K), 1 survivors (1024K)
 Metaspace       used 89528K, committed 90176K, reserved 1179648K
  class space    used 11566K, committed 11904K, reserved 1048576K
GC Heap History (20 events):
Event: 334.080 GC heap before
{Heap before GC invocations=53 (full 0):
 garbage-first heap   total 148480K, used 60825K [0x00000000c1e00000, 0x0000000100000000)
  region size 1024K, 7 young (7168K), 1 survivors (1024K)
 Metaspace       used 89448K, committed 90176K, reserved 1179648K
  class space    used 11563K, committed 11904K, reserved 1048576K
}
Event: 334.094 GC heap after
{Heap after GC invocations=54 (full 0):
 garbage-first heap   total 148480K, used 54268K [0x00000000c1e00000, 0x0000000100000000)
  region size 1024K, 1 young (1024K), 1 survivors (1024K)
 Metaspace       used 89448K, committed 90176K, reserved 1179648K
  class space    used 11563K, committed 11904K, reserved 1048576K
}
Event: 337.194 GC heap before
{Heap before GC invocations=54 (full 0):
 garbage-first heap   total 148480K, used 130044K [0x00000000c1e00000, 0x0000000100000000)
  region size 1024K, 75 young (76800K), 1 survivors (1024K)
 Metaspace       used 89454K, committed 90176K, reserved 1179648K
  class space    used 11563K, committed 11904K, reserved 1048576K
}
Event: 337.203 GC heap after
{Heap after GC invocations=55 (full 0):
 garbage-first heap   total 148480K, used 54260K [0x00000000c1e00000, 0x0000000100000000)
  region size 1024K, 1 young (1024K), 1 survivors (1024K)
 Metaspace       used 89454K, committed 90176K, reserved 1179648K
  class space    used 11563K, committed 11904K, reserved 1048576K
}
Event: 392.504 GC heap before
{Heap before GC invocations=55 (full 0):
 garbage-first heap   total 148480K, used 130036K [0x00000000c1e00000, 0x0000000100000000)
  region size 1024K, 76 young (77824K), 1 survivors (1024K)
 Metaspace       used 89465K, committed 90176K, reserved 1179648K
  class space    used 11563K, committed 11904K, reserved 1048576K
}
Event: 392.880 GC heap after
{Heap after GC invocations=56 (full 0):
 garbage-first heap   total 148480K, used 54273K [0x00000000c1e00000, 0x0000000100000000)
  region size 1024K, 1 young (1024K), 1 survivors (1024K)
 Metaspace       used 89465K, committed 90176K, reserved 1179648K
  class space    used 11563K, committed 11904K, reserved 1048576K
}
Event: 408.506 GC heap before
{Heap before GC invocations=56 (full 0):
 garbage-first heap   total 148480K, used 131073K [0x00000000c1e00000, 0x0000000100000000)
  region size 1024K, 76 young (77824K), 1 survivors (1024K)
 Metaspace       used 89477K, committed 90176K, reserved 1179648K
  class space    used 11563K, committed 11904K, reserved 1048576K
}
Event: 408.515 GC heap after
{Heap after GC invocations=57 (full 0):
 garbage-first heap   total 148480K, used 54201K [0x00000000c1e00000, 0x0000000100000000)
  region size 1024K, 1 young (1024K), 1 survivors (1024K)
 Metaspace       used 89477K, committed 90176K, reserved 1179648K
  class space    used 11563K, committed 11904K, reserved 1048576K
}
Event: 463.267 GC heap before
{Heap before GC invocations=57 (full 0):
 garbage-first heap   total 148480K, used 131001K [0x00000000c1e00000, 0x0000000100000000)
  region size 1024K, 76 young (77824K), 1 survivors (1024K)
 Metaspace       used 89486K, committed 90176K, reserved 1179648K
  class space    used 11564K, committed 11904K, reserved 1048576K
}
Event: 463.374 GC heap after
{Heap after GC invocations=58 (full 0):
 garbage-first heap   total 148480K, used 54250K [0x00000000c1e00000, 0x0000000100000000)
  region size 1024K, 1 young (1024K), 1 survivors (1024K)
 Metaspace       used 89486K, committed 90176K, reserved 1179648K
  class space    used 11564K, committed 11904K, reserved 1048576K
}
Event: 481.800 GC heap before
{Heap before GC invocations=58 (full 0):
 garbage-first heap   total 148480K, used 131050K [0x00000000c1e00000, 0x0000000100000000)
  region size 1024K, 76 young (77824K), 1 survivors (1024K)
 Metaspace       used 89487K, committed 90176K, reserved 1179648K
  class space    used 11565K, committed 11904K, reserved 1048576K
}
Event: 481.816 GC heap after
{Heap after GC invocations=59 (full 0):
 garbage-first heap   total 148480K, used 54210K [0x00000000c1e00000, 0x0000000100000000)
  region size 1024K, 1 young (1024K), 1 survivors (1024K)
 Metaspace       used 89487K, committed 90176K, reserved 1179648K
  class space    used 11565K, committed 11904K, reserved 1048576K
}
Event: 501.233 GC heap before
{Heap before GC invocations=59 (full 0):
 garbage-first heap   total 148480K, used 131010K [0x00000000c1e00000, 0x0000000100000000)
  region size 1024K, 76 young (77824K), 1 survivors (1024K)
 Metaspace       used 89511K, committed 90176K, reserved 1179648K
  class space    used 11565K, committed 11904K, reserved 1048576K
}
Event: 501.253 GC heap after
{Heap after GC invocations=60 (full 0):
 garbage-first heap   total 148480K, used 54207K [0x00000000c1e00000, 0x0000000100000000)
  region size 1024K, 1 young (1024K), 1 survivors (1024K)
 Metaspace       used 89511K, committed 90176K, reserved 1179648K
  class space    used 11565K, committed 11904K, reserved 1048576K
}
Event: 524.411 GC heap before
{Heap before GC invocations=60 (full 0):
 garbage-first heap   total 148480K, used 131007K [0x00000000c1e00000, 0x0000000100000000)
  region size 1024K, 76 young (77824K), 1 survivors (1024K)
 Metaspace       used 89524K, committed 90176K, reserved 1179648K
  class space    used 11565K, committed 11904K, reserved 1048576K
}
Event: 524.501 GC heap after
{Heap after GC invocations=61 (full 0):
 garbage-first heap   total 148480K, used 54225K [0x00000000c1e00000, 0x0000000100000000)
  region size 1024K, 1 young (1024K), 1 survivors (1024K)
 Metaspace       used 89524K, committed 90176K, reserved 1179648K
  class space    used 11565K, committed 11904K, reserved 1048576K
}
Event: 538.398 GC heap before
{Heap before GC invocations=61 (full 0):
 garbage-first heap   total 148480K, used 131025K [0x00000000c1e00000, 0x0000000100000000)
  region size 1024K, 76 young (77824K), 1 survivors (1024K)
 Metaspace       used 89525K, committed 90176K, reserved 1179648K
  class space    used 11565K, committed 11904K, reserved 1048576K
}
Event: 538.417 GC heap after
{Heap after GC invocations=62 (full 0):
 garbage-first heap   total 148480K, used 54283K [0x00000000c1e00000, 0x0000000100000000)
  region size 1024K, 1 young (1024K), 1 survivors (1024K)
 Metaspace       used 89525K, committed 90176K, reserved 1179648K
  class space    used 11565K, committed 11904K, reserved 1048576K
}
Event: 544.098 GC heap before
{Heap before GC invocations=62 (full 0):
 garbage-first heap   total 148480K, used 131083K [0x00000000c1e00000, 0x0000000100000000)
  region size 1024K, 76 young (77824K), 1 survivors (1024K)
 Metaspace       used 89528K, committed 90176K, reserved 1179648K
  class space    used 11566K, committed 11904K, reserved 1048576K
}
Event: 544.105 GC heap after
{Heap after GC invocations=63 (full 0):
 garbage-first heap   total 148480K, used 54301K [0x00000000c1e00000, 0x0000000100000000)
  region size 1024K, 1 young (1024K), 1 survivors (1024K)
 Metaspace       used 89528K, committed 90176K, reserved 1179648K
  class space    used 11566K, committed 11904K, reserved 1048576K
}

